
Showing logs for build [32mcb-kubecd-environment-pr-194-1-5xt6t-1[0m stage [32mfrom-build-pack[0m and container [32mstep-credential-initializer-g8t8n[0m
{"level":"warn","ts":1586121746.4210124,"logger":"fallback-logger","caller":"logging/config.go:69","msg":"Fetch GitHub commit ID from kodata failed: \"ref: refs/heads/0.8.0-**-support-backwards-incompats\" is not a valid GitHub commit ID"}
{"level":"info","ts":1586121746.4231184,"logger":"fallback-logger","caller":"creds-init/main.go:40","msg":"Credentials initialized."}

Showing logs for build [32mcb-kubecd-environment-pr-194-1-5xt6t-1[0m stage [32mfrom-build-pack[0m and container [32mstep-working-dir-initializer-vzklt[0m
{"level":"warn","ts":1586121747.433772,"logger":"fallback-logger","caller":"logging/config.go:69","msg":"Fetch GitHub commit ID from kodata failed: open /var/run/ko/HEAD: no such file or directory"}
{"level":"info","ts":1586121747.4418023,"logger":"fallback-logger","caller":"bash/main.go:64","msg":"Successfully executed command \"sh -c mkdir -p /workspace/source\"; output "}

Showing logs for build [32mcb-kubecd-environment-pr-194-1-5xt6t-1[0m stage [32mfrom-build-pack[0m and container [32mstep-place-tools[0m

Showing logs for build [32mcb-kubecd-environment-pr-194-1-5xt6t-1[0m stage [32mfrom-build-pack[0m and container [32mstep-git-source-cb-kubecd-environment-pr-194-1-5xt6t-rbvnm[0m
{"level":"warn","ts":1586121751.4989936,"logger":"fallback-logger","caller":"logging/config.go:69","msg":"Fetch GitHub commit ID from kodata failed: \"ref: refs/heads/0.8.0-**-support-backwards-incompats\" is not a valid GitHub commit ID"}
{"level":"info","ts":1586121752.559899,"logger":"fallback-logger","caller":"git/git.go:103","msg":"Successfully cloned https://github.com/cb-kubecd/environment-pr-194-1-boot-gke-staging.git @ master in path /workspace/source"}

Showing logs for build [32mcb-kubecd-environment-pr-194-1-5xt6t-1[0m stage [32mfrom-build-pack[0m and container [32mstep-git-merge[0m
Using SHAs from PULL_REFS=master:6fa5c5b75175751fb135dfc69e1447961fc227c4,5:5004bc1eeee6e2ca76f15834e6ddb70328ba0b9b
DEBUG: LC_ALL=C JX_LOG_LEVEL=error git fetch origin --unshallow 5004bc1eeee6e2ca76f15834e6ddb70328ba0b9b: 6fa5c5b75175751fb135dfc69e1447961fc227c4:
DEBUG: ran git fetch --unshallow origin 5004bc1eeee6e2ca76f15834e6ddb70328ba0b9b: 6fa5c5b75175751fb135dfc69e1447961fc227c4: in 
DEBUG: LC_ALL=C JX_LOG_LEVEL=error git branch
DEBUG: LC_ALL=C JX_LOG_LEVEL=error git checkout master
DEBUG: ran git checkout master in 
DEBUG: JX_LOG_LEVEL=error LC_ALL=C git reset --hard 6fa5c5b75175751fb135dfc69e1447961fc227c4
DEBUG: ran git reset --hard 6fa5c5b75175751fb135dfc69e1447961fc227c4 in 
DEBUG: LC_ALL=C JX_LOG_LEVEL=error git clean -fd .
DEBUG: ran clean --force -d . in 
DEBUG: LC_ALL=C JX_LOG_LEVEL=error git merge 5004bc1eeee6e2ca76f15834e6ddb70328ba0b9b
DEBUG: ran git merge 5004bc1eeee6e2ca76f15834e6ddb70328ba0b9b in 
DEBUG: LC_ALL=C JX_LOG_LEVEL=error git log --format=%H%x1f%an%x1f%ae%x1f%cn%x1f%ce%x1f%s%n%b%x1e 6fa5c5b75175751fb135dfc69e1447961fc227c4..HEAD
Merged SHA 5004bc1eeee6e2ca76f15834e6ddb70328ba0b9b with commit message 'chore: Promote bdd-ghf**y-import-1586121439 to version 0.0.1' into base branch master

Showing logs for build [32mcb-kubecd-environment-pr-194-1-5xt6t-1[0m stage [32mfrom-build-pack[0m and container [32mstep-build-helm-build[0m
WARNING: No $CHART_REPOSITORY defined so using the default value of: http://jenkins-x-chartmuseum:8080
Adding missing Helm repo: storage.googleapis.com https://storage.googleapis.com/chartmuseum.jenkins-x.io
WARNING: No secrets found on "helm/repos" due: reading the secret "helm/repos" from vault: no secret "helm/repos" not found in vault
Read credentials for https://storage.googleapis.com/chartmuseum.jenkins-x.io from vault helm/repos
Successfully added Helm repository storage.googleapis.com.
Adding missing Helm repo: jenkins-x-chartmuseum http://jenkins-x-chartmuseum:8080
WARNING: No secrets found on "helm/repos" due: reading the secret "helm/repos" from vault: no secret "helm/repos" not found in vault
Read credentials for http://jenkins-x-chartmuseum:8080 from vault helm/repos
Successfully added Helm repository jenkins-x-chartmuseum.
WARNING: No $CHART_REPOSITORY defined so using the default value of: http://jenkins-x-chartmuseum:8080
Adding missing Helm repo: chartmuseum.jenkins-x.io http://chartmuseum.jenkins-x.io
WARNING: No secrets found on "helm/repos" due: reading the secret "helm/repos" from vault: no secret "helm/repos" not found in vault
Read credentials for http://chartmuseum.jenkins-x.io from vault helm/repos
Successfully added Helm repository chartmuseum.jenkins-x.io.
